Query OK, 18 rows affected (2.708 sec)

Query OK, 1 row affected (0.001 sec)

Database changed
Query OK, 0 rows affected, 1 warning (0.523 sec)

Query OK, 0 rows affected (0.202 sec)

Query OK, 0 rows affected, 1 warning (0.017 sec)

Query OK, 0 rows affected (0.184 sec)

Query OK, 0 rows affected, 1 warning (0.016 sec)

Query OK, 0 rows affected (0.169 sec)

Query OK, 0 rows affected, 1 warning (0.017 sec)

Query OK, 0 rows affected (0.260 sec)

Query OK, 0 rows affected, 1 warning (0.016 sec)

Query OK, 0 rows affected (1.318 sec)

Query OK, 0 rows affected, 1 warning (0.125 sec)

Query OK, 0 rows affected (0.980 sec)

Query OK, 0 rows affected, 1 warning (0.016 sec)

Query OK, 0 rows affected (0.260 sec)

Query OK, 0 rows affected, 1 warning (0.033 sec)

Query OK, 0 rows affected (0.934 sec)

Query OK, 0 rows affected, 1 warning (0.017 sec)

Query OK, 0 rows affected (0.209 sec)

Query OK, 0 rows affected, 1 warning (0.017 sec)

Query OK, 0 rows affected (0.374 sec)

Query OK, 0 rows affected, 1 warning (0.017 sec)

Query OK, 0 rows affected (0.335 sec)

Query OK, 0 rows affected, 1 warning (0.016 sec)

Query OK, 0 rows affected (1.003 sec)

Query OK, 0 rows affected, 1 warning (0.016 sec)

Query OK, 0 rows affected (0.281 sec)

Query OK, 0 rows affected, 1 warning (0.017 sec)

Query OK, 0 rows affected (0.323 sec)

Query OK, 0 rows affected, 1 warning (0.016 sec)

Query OK, 0 rows affected (0.313 sec)

Query OK, 0 rows affected, 1 warning (0.016 sec)

Query OK, 0 rows affected (1.048 sec)

Database changed
+----------------------------+
| Tables_in_booksystem       |
+----------------------------+
| Author                     |
| Book                       |
| Borrows                    |
| Fiction                    |
| Fiction_fictionGenre       |
| Fine                       |
| Library                    |
| Member                     |
| Member_Phone               |
| NonFiction                 |
| NonFiction_nonFictionGenre |
| Owns                       |
| Publisher                  |
| Publishes                  |
| Subscribes                 |
| Writes                     |
+----------------------------+
16 rows in set (0.001 sec)

MariaDB [booksystem]> Ctrl-C -- exit!
Aborted
